[2026-05-10T09:12:01] start mayonews
[2026-05-10T09:12:01] mayonews: fetching mayo-clinic-minute-2
[2026-05-10T09:12:01] chrome --dump-dom https://newsnetwork.mayoclinic.org/category/mayo-clinic-minute-2/feed/
[2026-05-10T09:12:09] wrote /home/jvivona/agents/tidbyt-data/mayonews/mayo-clinic-minute-2.xml
[2026-05-10T09:12:09] mayonews: fetching cancer
[2026-05-10T09:12:09] chrome --dump-dom https://newsnetwork.mayoclinic.org/category/cancer/feed/
[2026-05-10T09:12:11] wrote /home/jvivona/agents/tidbyt-data/mayonews/cancer.xml
[2026-05-10T09:12:11] mayonews: fetching cardiovascular-2
[2026-05-10T09:12:11] chrome --dump-dom https://newsnetwork.mayoclinic.org/category/cardiovascular-2/feed/
[2026-05-10T09:12:14] wrote /home/jvivona/agents/tidbyt-data/mayonews/cardiovascular-2.xml
[2026-05-10T09:12:14] mayonews: fetching gastrointestinal-90
[2026-05-10T09:12:14] chrome --dump-dom https://newsnetwork.mayoclinic.org/category/gastrointestinal-90/feed/
[2026-05-10T09:12:18] wrote /home/jvivona/agents/tidbyt-data/mayonews/gastrointestinal-90.xml
[2026-05-10T09:12:18] mayonews: fetching orthopedics-sports
[2026-05-10T09:12:18] chrome --dump-dom https://newsnetwork.mayoclinic.org/category/orthopedics-sports/feed/
[2026-05-10T09:12:21] wrote /home/jvivona/agents/tidbyt-data/mayonews/orthopedics-sports.xml
[2026-05-10T09:12:21] mayonews: fetching research
[2026-05-10T09:12:21] chrome --dump-dom https://newsnetwork.mayoclinic.org/category/research/feed/
[2026-05-10T09:12:24] wrote /home/jvivona/agents/tidbyt-data/mayonews/research.xml
[2026-05-10T09:12:24] mayonews: fetching transplant
[2026-05-10T09:12:24] chrome --dump-dom https://newsnetwork.mayoclinic.org/category/transplant/feed/
[2026-05-10T09:12:29] wrote /home/jvivona/agents/tidbyt-data/mayonews/transplant.xml
[2026-05-10T09:12:29] mayonews: fetching health-and-wellness
[2026-05-10T09:12:29] chrome --dump-dom https://newsnetwork.mayoclinic.org/category/health-and-wellness/feed/
[2026-05-10T09:12:32] wrote /home/jvivona/agents/tidbyt-data/mayonews/health-and-wellness.xml
[2026-05-10T09:12:32] renamed research.xml -> research-2.xml
[2026-05-10T09:12:32] git add --all in /home/jvivona/agents/tidbyt-data
